<?xml version="1.0" encoding="UTF-8"?>
<!-- Generated by org.testng.reporters.JUnitReportReporter -->
<testsuite hostname="Mirouflyers-MacBook-Pro.local" failures="0" tests="1" name="testHomePage.TestHomePageTitle" time="26.734" errors="0" timestamp="30 Mar 2019 19:32:44 GMT" skipped="0">
  <testcase classname="testHomePage.TestHomePageTitle" name="homePageTitle" time="26.734"/>
</testsuite> <!-- testHomePage.TestHomePageTitle -->
