<?xml version="1.0" encoding="UTF-8"?>
<!-- Generated by org.testng.reporters.JUnitReportReporter -->
<testsuite skipped="0" hostname="Mirouflyers-MacBook-Pro.local" name="testHomePage.TestBrowseLinkedInLinks" tests="1" failures="0" timestamp="30 Mar 2019 19:30:54 GMT" time="32.713" errors="0">
  <testcase name="browseLinkedInLinks" time="32.713" classname="testHomePage.TestBrowseLinkedInLinks"/>
</testsuite> <!-- testHomePage.TestBrowseLinkedInLinks -->
