<?xml version="1.0" encoding="UTF-8"?>
<!-- Generated by org.testng.reporters.JUnitReportReporter -->
<testsuite hostname="Mirouflyers-MacBook-Pro.local" failures="0" tests="1" name="title.EbayHome" time="6.982" errors="0" timestamp="30 Mar 2019 19:49:59 GMT" skipped="0">
  <testcase classname="title.EbayHome" name="test" time="6.982"/>
</testsuite> <!-- title.EbayHome -->
