<?xml version="1.0" encoding="UTF-8"?>
<!-- Generated by org.testng.reporters.JUnitReportReporter -->
<testsuite hostname="Mirouflyers-MBP" failures="0" tests="1" name="testHomePage.TestTitle" time="5.808" errors="0" timestamp="30 Mar 2019 04:52:36 GMT" skipped="0">
  <testcase classname="testHomePage.TestTitle" name="title" time="5.808"/>
</testsuite> <!-- testHomePage.TestTitle -->
