<?xml version="1.0" encoding="UTF-8"?>
<!-- Generated by org.testng.reporters.JUnitReportReporter -->
<testsuite hostname="Mirouflyers-MBP" failures="0" tests="6" name="testHomePageLinks.TestInTheSpotlightLinks" time="66.824" errors="0" timestamp="31 Mar 2019 16:34:11 GMT" skipped="0">
  <testcase classname="testHomePageLinks.TestInTheSpotlightLinks" name="clothingLink" time="6.100"/>
  <testcase classname="testHomePageLinks.TestInTheSpotlightLinks" name="videoGamesLink" time="11.335"/>
  <testcase classname="testHomePageLinks.TestInTheSpotlightLinks" name="toysLink" time="11.961"/>
  <testcase classname="testHomePageLinks.TestInTheSpotlightLinks" name="electronicsLink" time="12.117"/>
  <testcase classname="testHomePageLinks.TestInTheSpotlightLinks" name="ellensListLink" time="13.214"/>
  <testcase classname="testHomePageLinks.TestInTheSpotlightLinks" name="homeProductsLink" time="12.097"/>
</testsuite> <!-- testHomePageLinks.TestInTheSpotlightLinks -->
